[31merror[39m: Error: listen EADDRINUSE: address already in use :::8080
    at Server.setupListenHandle [as _listen2] (node:net:1751:16)
    at listenInCluster (node:net:1799:12)
    at Server.listen (node:net:1887:7)
    at Function.listen (/Users/mohammadyehya/Projects Practice/task management/node-express-mongoose-typescript-boilerplate/node_modules/express/lib/application.js:618:24)
    at file:///Users/mohammadyehya/Projects%20Practice/task%20management/node-express-mongoose-typescript-boilerplate/dist/index.js:8:18
    at process.processTicksAndRejections (node:internal/process/task_queues:95:5)
[31merror[39m: Error: listen EADDRINUSE: address already in use :::8080
    at Server.setupListenHandle [as _listen2] (node:net:1751:16)
    at listenInCluster (node:net:1799:12)
    at Server.listen (node:net:1887:7)
    at Function.listen (/Users/mohammadyehya/Projects Practice/task management/node-express-mongoose-typescript-boilerplate/node_modules/express/lib/application.js:618:24)
    at file:///Users/mohammadyehya/Projects%20Practice/task%20management/node-express-mongoose-typescript-boilerplate/dist/index.js:8:18
    at process.processTicksAndRejections (node:internal/process/task_queues:95:5)
[31merror[39m: Error: Forbidden
    at file:///Users/mohammadyehya/Projects%20Practice/task%20management/node-express-mongoose-typescript-boilerplate/dist/modules/auth/auth.middleware.js:16:27
    at strategy.success (/Users/mohammadyehya/Projects Practice/task management/node-express-mongoose-typescript-boilerplate/node_modules/passport/lib/middleware/authenticate.js:222:18)
    at verified (/Users/mohammadyehya/Projects Practice/task management/node-express-mongoose-typescript-boilerplate/node_modules/passport-jwt/lib/strategy.js:115:41)
    at JwtStrategy._verify (file:///Users/mohammadyehya/Projects%20Practice/task%20management/node-express-mongoose-typescript-boilerplate/dist/modules/auth/passport.js:17:9)
    at process.processTicksAndRejections (node:internal/process/task_queues:95:5)
[31merror[39m: GET /v1/users/652d18bbee70900136c46588 403 - 8.333 ms - message: Forbidden
[31merror[39m: Error: Forbidden
    at file:///Users/mohammadyehya/Projects%20Practice/task%20management/node-express-mongoose-typescript-boilerplate/dist/modules/auth/auth.middleware.js:16:27
    at strategy.success (/Users/mohammadyehya/Projects Practice/task management/node-express-mongoose-typescript-boilerplate/node_modules/passport/lib/middleware/authenticate.js:222:18)
    at verified (/Users/mohammadyehya/Projects Practice/task management/node-express-mongoose-typescript-boilerplate/node_modules/passport-jwt/lib/strategy.js:115:41)
    at JwtStrategy._verify (file:///Users/mohammadyehya/Projects%20Practice/task%20management/node-express-mongoose-typescript-boilerplate/dist/modules/auth/passport.js:17:9)
    at process.processTicksAndRejections (node:internal/process/task_queues:95:5)
[31merror[39m: GET /v1/users/652d18bbee70900136c46588 403 - 7.705 ms - message: Forbidden
[31merror[39m: Error: Forbidden
    at file:///Users/mohammadyehya/Projects%20Practice/task%20management/node-express-mongoose-typescript-boilerplate/dist/modules/auth/auth.middleware.js:16:27
    at strategy.success (/Users/mohammadyehya/Projects Practice/task management/node-express-mongoose-typescript-boilerplate/node_modules/passport/lib/middleware/authenticate.js:222:18)
    at verified (/Users/mohammadyehya/Projects Practice/task management/node-express-mongoose-typescript-boilerplate/node_modules/passport-jwt/lib/strategy.js:115:41)
    at JwtStrategy._verify (file:///Users/mohammadyehya/Projects%20Practice/task%20management/node-express-mongoose-typescript-boilerplate/dist/modules/auth/passport.js:17:9)
    at process.processTicksAndRejections (node:internal/process/task_queues:95:5)
[31merror[39m: GET /v1/users/652d18bbee70900136c46588 403 - 3.835 ms - message: Forbidden
[31merror[39m: Error: Forbidden
    at file:///Users/mohammadyehya/Projects%20Practice/task%20management/node-express-mongoose-typescript-boilerplate/dist/modules/auth/auth.middleware.js:16:27
    at strategy.success (/Users/mohammadyehya/Projects Practice/task management/node-express-mongoose-typescript-boilerplate/node_modules/passport/lib/middleware/authenticate.js:222:18)
    at verified (/Users/mohammadyehya/Projects Practice/task management/node-express-mongoose-typescript-boilerplate/node_modules/passport-jwt/lib/strategy.js:115:41)
    at JwtStrategy._verify (file:///Users/mohammadyehya/Projects%20Practice/task%20management/node-express-mongoose-typescript-boilerplate/dist/modules/auth/passport.js:17:9)
    at process.processTicksAndRejections (node:internal/process/task_queues:95:5)
[31merror[39m: GET /v1/users/652d18bbee70900136c46588 403 - 7.666 ms - message: Forbidden
[31merror[39m: Error: Forbidden
    at file:///Users/mohammadyehya/Projects%20Practice/task%20management/node-express-mongoose-typescript-boilerplate/dist/modules/auth/auth.middleware.js:16:27
    at strategy.success (/Users/mohammadyehya/Projects Practice/task management/node-express-mongoose-typescript-boilerplate/node_modules/passport/lib/middleware/authenticate.js:222:18)
    at verified (/Users/mohammadyehya/Projects Practice/task management/node-express-mongoose-typescript-boilerplate/node_modules/passport-jwt/lib/strategy.js:115:41)
    at JwtStrategy._verify (file:///Users/mohammadyehya/Projects%20Practice/task%20management/node-express-mongoose-typescript-boilerplate/dist/modules/auth/passport.js:17:9)
    at process.processTicksAndRejections (node:internal/process/task_queues:95:5)
[31merror[39m: GET /v1/users/652d18bbee70900136c46588 403 - 5.595 ms - message: Forbidden
[31merror[39m: Error: Forbidden
    at file:///Users/mohammadyehya/Projects%20Practice/task%20management/node-express-mongoose-typescript-boilerplate/dist/modules/auth/auth.middleware.js:16:27
    at strategy.success (/Users/mohammadyehya/Projects Practice/task management/node-express-mongoose-typescript-boilerplate/node_modules/passport/lib/middleware/authenticate.js:222:18)
    at verified (/Users/mohammadyehya/Projects Practice/task management/node-express-mongoose-typescript-boilerplate/node_modules/passport-jwt/lib/strategy.js:115:41)
    at JwtStrategy._verify (file:///Users/mohammadyehya/Projects%20Practice/task%20management/node-express-mongoose-typescript-boilerplate/dist/modules/auth/passport.js:17:9)
    at process.processTicksAndRejections (node:internal/process/task_queues:95:5)
[31merror[39m: GET /v1/users/652d18bbee70900136c46588 403 - 4.664 ms - message: Forbidden
[31merror[39m: Error: Forbidden
    at file:///Users/mohammadyehya/Projects%20Practice/task%20management/node-express-mongoose-typescript-boilerplate/dist/modules/auth/auth.middleware.js:16:27
    at strategy.success (/Users/mohammadyehya/Projects Practice/task management/node-express-mongoose-typescript-boilerplate/node_modules/passport/lib/middleware/authenticate.js:222:18)
    at verified (/Users/mohammadyehya/Projects Practice/task management/node-express-mongoose-typescript-boilerplate/node_modules/passport-jwt/lib/strategy.js:115:41)
    at JwtStrategy._verify (file:///Users/mohammadyehya/Projects%20Practice/task%20management/node-express-mongoose-typescript-boilerplate/dist/modules/auth/passport.js:17:9)
    at process.processTicksAndRejections (node:internal/process/task_queues:95:5)
[31merror[39m: GET /v1/users/652d18c2ee70900136c4658c 403 - 5.175 ms - message: Forbidden
[31merror[39m: Error: Forbidden
    at file:///Users/mohammadyehya/Projects%20Practice/task%20management/node-express-mongoose-typescript-boilerplate/dist/modules/auth/auth.middleware.js:16:27
    at strategy.success (/Users/mohammadyehya/Projects Practice/task management/node-express-mongoose-typescript-boilerplate/node_modules/passport/lib/middleware/authenticate.js:222:18)
    at verified (/Users/mohammadyehya/Projects Practice/task management/node-express-mongoose-typescript-boilerplate/node_modules/passport-jwt/lib/strategy.js:115:41)
    at JwtStrategy._verify (file:///Users/mohammadyehya/Projects%20Practice/task%20management/node-express-mongoose-typescript-boilerplate/dist/modules/auth/passport.js:17:9)
    at process.processTicksAndRejections (node:internal/process/task_queues:95:5)
[31merror[39m: GET /v1/users/652d18c2ee70900136c4658c 403 - 5.128 ms - message: Forbidden
[31merror[39m: Error: Forbidden
    at file:///Users/mohammadyehya/Projects%20Practice/task%20management/node-express-mongoose-typescript-boilerplate/dist/modules/auth/auth.middleware.js:16:27
    at strategy.success (/Users/mohammadyehya/Projects Practice/task management/node-express-mongoose-typescript-boilerplate/node_modules/passport/lib/middleware/authenticate.js:222:18)
    at verified (/Users/mohammadyehya/Projects Practice/task management/node-express-mongoose-typescript-boilerplate/node_modules/passport-jwt/lib/strategy.js:115:41)
    at JwtStrategy._verify (file:///Users/mohammadyehya/Projects%20Practice/task%20management/node-express-mongoose-typescript-boilerplate/dist/modules/auth/passport.js:17:9)
    at process.processTicksAndRejections (node:internal/process/task_queues:95:5)
[31merror[39m: GET /v1/users/652c29696a07df8faab32ede 403 - 5.933 ms - message: Forbidden
[31merror[39m: Error: Forbidden
    at file:///Users/mohammadyehya/Projects%20Practice/task%20management/node-express-mongoose-typescript-boilerplate/dist/modules/auth/auth.middleware.js:16:27
    at strategy.success (/Users/mohammadyehya/Projects Practice/task management/node-express-mongoose-typescript-boilerplate/node_modules/passport/lib/middleware/authenticate.js:222:18)
    at verified (/Users/mohammadyehya/Projects Practice/task management/node-express-mongoose-typescript-boilerplate/node_modules/passport-jwt/lib/strategy.js:115:41)
    at JwtStrategy._verify (file:///Users/mohammadyehya/Projects%20Practice/task%20management/node-express-mongoose-typescript-boilerplate/dist/modules/auth/passport.js:17:9)
    at process.processTicksAndRejections (node:internal/process/task_queues:95:5)
[31merror[39m: PATCH /v1/users/652c29696a07df8faab32ede 403 - 8.858 ms - message: Forbidden
[31merror[39m: Error: Please authenticate
    at file:///Users/mohammadyehya/Projects%20Practice/task%20management/node-express-mongoose-typescript-boilerplate/dist/modules/auth/auth.middleware.js:7:23
    at allFailed (/Users/mohammadyehya/Projects Practice/task management/node-express-mongoose-typescript-boilerplate/node_modules/passport/lib/middleware/authenticate.js:110:18)
    at attempt (/Users/mohammadyehya/Projects Practice/task management/node-express-mongoose-typescript-boilerplate/node_modules/passport/lib/middleware/authenticate.js:183:28)
    at strategy.fail (/Users/mohammadyehya/Projects Practice/task management/node-express-mongoose-typescript-boilerplate/node_modules/passport/lib/middleware/authenticate.js:305:9)
    at verified (/Users/mohammadyehya/Projects Practice/task management/node-express-mongoose-typescript-boilerplate/node_modules/passport-jwt/lib/strategy.js:113:41)
    at JwtStrategy._verify (file:///Users/mohammadyehya/Projects%20Practice/task%20management/node-express-mongoose-typescript-boilerplate/dist/modules/auth/passport.js:15:20)
    at process.processTicksAndRejections (node:internal/process/task_queues:95:5)
[31merror[39m: DELETE /v1/users/652c29696a07df8faab32ede 401 - 7.287 ms - message: Please authenticate
[31merror[39m: Error: Incorrect email or password
    at Module.loginUserWithEmailAndPassword (file:///Users/mohammadyehya/Projects%20Practice/task%20management/node-express-mongoose-typescript-boilerplate/dist/modules/auth/auth.service.js:17:15)
    at process.processTicksAndRejections (node:internal/process/task_queues:95:5)
    at async file:///Users/mohammadyehya/Projects%20Practice/task%20management/node-express-mongoose-typescript-boilerplate/dist/modules/auth/auth.controller.js:13:18
[31merror[39m: POST /v1/auth/login 401 - 5.629 ms - message: Incorrect email or password
[31merror[39m: Error: Forbidden
    at addUserIdToParams (file:///Users/mohammadyehya/Projects%20Practice/task%20management/node-express-mongoose-typescript-boilerplate/dist/modules/user/user.middleware.js:8:15)
    at Layer.handle [as handle_request] (/Users/mohammadyehya/Projects Practice/task management/node-express-mongoose-typescript-boilerplate/node_modules/express/lib/router/layer.js:95:5)
    at next (/Users/mohammadyehya/Projects Practice/task management/node-express-mongoose-typescript-boilerplate/node_modules/express/lib/router/route.js:144:13)
    at file:///Users/mohammadyehya/Projects%20Practice/task%20management/node-express-mongoose-typescript-boilerplate/dist/modules/auth/auth.middleware.js:24:17
    at process.processTicksAndRejections (node:internal/process/task_queues:95:5)
[31merror[39m: PATCH /v1/users/652d69b99bf63f46574d47be 403 - 30.801 ms - message: Forbidden
[31merror[39m: Error: Forbidden , for authenticated users only
    at addUserIdToParams (file:///Users/mohammadyehya/Projects%20Practice/task%20management/node-express-mongoose-typescript-boilerplate/dist/modules/user/user.middleware.js:8:15)
    at Layer.handle [as handle_request] (/Users/mohammadyehya/Projects Practice/task management/node-express-mongoose-typescript-boilerplate/node_modules/express/lib/router/layer.js:95:5)
    at next (/Users/mohammadyehya/Projects Practice/task management/node-express-mongoose-typescript-boilerplate/node_modules/express/lib/router/route.js:144:13)
    at file:///Users/mohammadyehya/Projects%20Practice/task%20management/node-express-mongoose-typescript-boilerplate/dist/modules/auth/auth.middleware.js:24:17
    at process.processTicksAndRejections (node:internal/process/task_queues:95:5)
[31merror[39m: DELETE /v1/users/652d69b99bf63f46574d47be 403 - 26.694 ms - message: Forbidden , for authenticated users only
[31merror[39m: MongooseServerSelectionError: connect ECONNREFUSED 127.0.0.1:27017
    at _handleConnectionErrors (/app/node_modules/mongoose/lib/connection.js:805:11)
    at NativeConnection.openUri (/app/node_modules/mongoose/lib/connection.js:780:11)
[31merror[39m: MongooseServerSelectionError: connect ECONNREFUSED 127.0.0.1:27017
    at _handleConnectionErrors (/app/node_modules/mongoose/lib/connection.js:805:11)
    at NativeConnection.openUri (/app/node_modules/mongoose/lib/connection.js:780:11)
[31merror[39m: MongooseServerSelectionError: getaddrinfo ENOTFOUND db
    at _handleConnectionErrors (/app/node_modules/mongoose/lib/connection.js:805:11)
    at NativeConnection.openUri (/app/node_modules/mongoose/lib/connection.js:780:11)
[31merror[39m: Error: Email already taken
    at Module.registerUser (file:///app/dist/modules/user/user.service.js:27:15)
    at process.processTicksAndRejections (node:internal/process/task_queues:95:5)
    at async file:///app/dist/modules/auth/auth.controller.js:7:18
[31merror[39m: POST /v1/auth/register 400 - 44.302 ms - message: Email already taken
[31merror[39m: Error: Please authenticate
    at file:///app/dist/modules/auth/auth.middleware.js:7:23
    at allFailed (/app/node_modules/passport/lib/middleware/authenticate.js:110:18)
    at attempt (/app/node_modules/passport/lib/middleware/authenticate.js:183:28)
    at strategy.fail (/app/node_modules/passport/lib/middleware/authenticate.js:305:9)
    at JwtStrategy.authenticate (/app/node_modules/passport-jwt/lib/strategy.js:96:21)
    at attempt (/app/node_modules/passport/lib/middleware/authenticate.js:369:16)
    at authenticate (/app/node_modules/passport/lib/middleware/authenticate.js:370:7)
    at file:///app/dist/modules/auth/auth.middleware.js:22:107
    at new Promise (<anonymous>)
    at file:///app/dist/modules/auth/auth.middleware.js:21:73
[31merror[39m: POST /v1/tasks 401 - 33.164 ms - message: Please authenticate
error: ::1 - GET /v1/docs/ 404 - 5.298 ms - message: Not found
error: ::1 - GET /favicon.ico 404 - 1.655 ms - message: Not found
error: ::1 - GET /v1/docs/ 404 - 1.377 ms - message: Not found
error: ::1 - GET /v1/docs/ 404 - 0.709 ms - message: Not found
error: ::1 - GET /v1/docs/ 404 - 0.613 ms - message: Not found
error: ::1 - GET /auth/login 404 - 20.799 ms - message: Not found
error: ::1 - GET /v1/auth/login 404 - 3.806 ms - message: Not found
error: ::1 - GET /v1/auth/login 404 - 3.246 ms - message: Not found
error: ::1 - GET /v1/auth/login 404 - 3.148 ms - message: Not found
error: ::1 - POST /auth/login 404 - 2.000 ms - message: Not found
error: ::1 - POST /auth/login 404 - 1.757 ms - message: Not found
[31merror[39m: MaxRetriesPerRequestError: Reached the max retries per request limit (which is 20). Refer to "maxRetriesPerRequest" option for details.
    at Socket.<anonymous> (/Users/mohammadyehya/Projects Practice/task management/node-express-mongoose-typescript-boilerplate/node_modules/ioredis/built/redis/event_handler.js:182:37)
    at Object.onceWrapper (node:events:629:26)
    at Socket.emit (node:events:514:28)
    at TCP.<anonymous> (node:net:323:12)
[31merror[39m: POST /v1/tasks 500 - 5327.642 ms - message: Reached the max retries per request limit (which is 20). Refer to "maxRetriesPerRequest" option for details.
[31merror[39m: Error: Not found
    at file:///Users/mohammadyehya/Projects%20Practice/task%20management/node-express-mongoose-typescript-boilerplate/dist/app.js:45:10
    at Layer.handle [as handle_request] (/Users/mohammadyehya/Projects Practice/task management/node-express-mongoose-typescript-boilerplate/node_modules/express/lib/router/layer.js:95:5)
    at trim_prefix (/Users/mohammadyehya/Projects Practice/task management/node-express-mongoose-typescript-boilerplate/node_modules/express/lib/router/index.js:328:13)
    at /Users/mohammadyehya/Projects Practice/task management/node-express-mongoose-typescript-boilerplate/node_modules/express/lib/router/index.js:286:9
    at Function.process_params (/Users/mohammadyehya/Projects Practice/task management/node-express-mongoose-typescript-boilerplate/node_modules/express/lib/router/index.js:346:12)
    at next (/Users/mohammadyehya/Projects Practice/task management/node-express-mongoose-typescript-boilerplate/node_modules/express/lib/router/index.js:280:10)
    at /Users/mohammadyehya/Projects Practice/task management/node-express-mongoose-typescript-boilerplate/node_modules/express/lib/router/index.js:646:15
    at next (/Users/mohammadyehya/Projects Practice/task management/node-express-mongoose-typescript-boilerplate/node_modules/express/lib/router/index.js:265:14)
    at /Users/mohammadyehya/Projects Practice/task management/node-express-mongoose-typescript-boilerplate/node_modules/express/lib/router/index.js:646:15
    at next (/Users/mohammadyehya/Projects Practice/task management/node-express-mongoose-typescript-boilerplate/node_modules/express/lib/router/index.js:265:14)
[31merror[39m: GET /v1/users/652d18bbee70900136c46588 404 - 3.374 ms - message: Not found
[31merror[39m: Error: Not found
    at file:///Users/mohammadyehya/Projects%20Practice/task%20management/node-express-mongoose-typescript-boilerplate/dist/app.js:45:10
    at Layer.handle [as handle_request] (/Users/mohammadyehya/Projects Practice/task management/node-express-mongoose-typescript-boilerplate/node_modules/express/lib/router/layer.js:95:5)
    at trim_prefix (/Users/mohammadyehya/Projects Practice/task management/node-express-mongoose-typescript-boilerplate/node_modules/express/lib/router/index.js:328:13)
    at /Users/mohammadyehya/Projects Practice/task management/node-express-mongoose-typescript-boilerplate/node_modules/express/lib/router/index.js:286:9
    at Function.process_params (/Users/mohammadyehya/Projects Practice/task management/node-express-mongoose-typescript-boilerplate/node_modules/express/lib/router/index.js:346:12)
    at next (/Users/mohammadyehya/Projects Practice/task management/node-express-mongoose-typescript-boilerplate/node_modules/express/lib/router/index.js:280:10)
    at /Users/mohammadyehya/Projects Practice/task management/node-express-mongoose-typescript-boilerplate/node_modules/express/lib/router/index.js:646:15
    at next (/Users/mohammadyehya/Projects Practice/task management/node-express-mongoose-typescript-boilerplate/node_modules/express/lib/router/index.js:265:14)
    at /Users/mohammadyehya/Projects Practice/task management/node-express-mongoose-typescript-boilerplate/node_modules/express/lib/router/index.js:646:15
    at next (/Users/mohammadyehya/Projects Practice/task management/node-express-mongoose-typescript-boilerplate/node_modules/express/lib/router/index.js:265:14)
[31merror[39m: GET /v1/users/652d18bbee70900136c46588 404 - 1.292 ms - message: Not found
[31merror[39m: Error: Not found
    at file:///Users/mohammadyehya/Projects%20Practice/task%20management/node-express-mongoose-typescript-boilerplate/dist/app.js:45:10
    at Layer.handle [as handle_request] (/Users/mohammadyehya/Projects Practice/task management/node-express-mongoose-typescript-boilerplate/node_modules/express/lib/router/layer.js:95:5)
    at trim_prefix (/Users/mohammadyehya/Projects Practice/task management/node-express-mongoose-typescript-boilerplate/node_modules/express/lib/router/index.js:328:13)
    at /Users/mohammadyehya/Projects Practice/task management/node-express-mongoose-typescript-boilerplate/node_modules/express/lib/router/index.js:286:9
    at Function.process_params (/Users/mohammadyehya/Projects Practice/task management/node-express-mongoose-typescript-boilerplate/node_modules/express/lib/router/index.js:346:12)
    at next (/Users/mohammadyehya/Projects Practice/task management/node-express-mongoose-typescript-boilerplate/node_modules/express/lib/router/index.js:280:10)
    at /Users/mohammadyehya/Projects Practice/task management/node-express-mongoose-typescript-boilerplate/node_modules/express/lib/router/index.js:646:15
    at next (/Users/mohammadyehya/Projects Practice/task management/node-express-mongoose-typescript-boilerplate/node_modules/express/lib/router/index.js:265:14)
    at /Users/mohammadyehya/Projects Practice/task management/node-express-mongoose-typescript-boilerplate/node_modules/express/lib/router/index.js:646:15
    at next (/Users/mohammadyehya/Projects Practice/task management/node-express-mongoose-typescript-boilerplate/node_modules/express/lib/router/index.js:265:14)
[31merror[39m: GET /v1/users/652c281c5dce7e258f24d0a8 404 - 1.441 ms - message: Not found
[31merror[39m: Error: Not found
    at file:///Users/mohammadyehya/Projects%20Practice/task%20management/node-express-mongoose-typescript-boilerplate/dist/app.js:45:10
    at Layer.handle [as handle_request] (/Users/mohammadyehya/Projects Practice/task management/node-express-mongoose-typescript-boilerplate/node_modules/express/lib/router/layer.js:95:5)
    at trim_prefix (/Users/mohammadyehya/Projects Practice/task management/node-express-mongoose-typescript-boilerplate/node_modules/express/lib/router/index.js:328:13)
    at /Users/mohammadyehya/Projects Practice/task management/node-express-mongoose-typescript-boilerplate/node_modules/express/lib/router/index.js:286:9
    at Function.process_params (/Users/mohammadyehya/Projects Practice/task management/node-express-mongoose-typescript-boilerplate/node_modules/express/lib/router/index.js:346:12)
    at next (/Users/mohammadyehya/Projects Practice/task management/node-express-mongoose-typescript-boilerplate/node_modules/express/lib/router/index.js:280:10)
    at /Users/mohammadyehya/Projects Practice/task management/node-express-mongoose-typescript-boilerplate/node_modules/express/lib/router/index.js:646:15
    at next (/Users/mohammadyehya/Projects Practice/task management/node-express-mongoose-typescript-boilerplate/node_modules/express/lib/router/index.js:265:14)
    at /Users/mohammadyehya/Projects Practice/task management/node-express-mongoose-typescript-boilerplate/node_modules/express/lib/router/index.js:646:15
    at next (/Users/mohammadyehya/Projects Practice/task management/node-express-mongoose-typescript-boilerplate/node_modules/express/lib/router/index.js:265:14)
[31merror[39m: GET /v1/users/652c281c5dce7e258f24d0a8 404 - 1.277 ms - message: Not found
[31merror[39m: Error: Not found
    at file:///Users/mohammadyehya/Projects%20Practice/task%20management/node-express-mongoose-typescript-boilerplate/dist/app.js:45:10
    at Layer.handle [as handle_request] (/Users/mohammadyehya/Projects Practice/task management/node-express-mongoose-typescript-boilerplate/node_modules/express/lib/router/layer.js:95:5)
    at trim_prefix (/Users/mohammadyehya/Projects Practice/task management/node-express-mongoose-typescript-boilerplate/node_modules/express/lib/router/index.js:328:13)
    at /Users/mohammadyehya/Projects Practice/task management/node-express-mongoose-typescript-boilerplate/node_modules/express/lib/router/index.js:286:9
    at Function.process_params (/Users/mohammadyehya/Projects Practice/task management/node-express-mongoose-typescript-boilerplate/node_modules/express/lib/router/index.js:346:12)
    at next (/Users/mohammadyehya/Projects Practice/task management/node-express-mongoose-typescript-boilerplate/node_modules/express/lib/router/index.js:280:10)
    at /Users/mohammadyehya/Projects Practice/task management/node-express-mongoose-typescript-boilerplate/node_modules/express/lib/router/index.js:646:15
    at next (/Users/mohammadyehya/Projects Practice/task management/node-express-mongoose-typescript-boilerplate/node_modules/express/lib/router/index.js:265:14)
    at /Users/mohammadyehya/Projects Practice/task management/node-express-mongoose-typescript-boilerplate/node_modules/express/lib/router/index.js:646:15
    at next (/Users/mohammadyehya/Projects Practice/task management/node-express-mongoose-typescript-boilerplate/node_modules/express/lib/router/index.js:265:14)
[31merror[39m: GET /v1/users/652c281c5dce7e258f24d0a8 404 - 1.042 ms - message: Not found
[31merror[39m: Error: Not found
    at file:///Users/mohammadyehya/Projects%20Practice/task%20management/node-express-mongoose-typescript-boilerplate/dist/app.js:45:10
    at Layer.handle [as handle_request] (/Users/mohammadyehya/Projects Practice/task management/node-express-mongoose-typescript-boilerplate/node_modules/express/lib/router/layer.js:95:5)
    at trim_prefix (/Users/mohammadyehya/Projects Practice/task management/node-express-mongoose-typescript-boilerplate/node_modules/express/lib/router/index.js:328:13)
    at /Users/mohammadyehya/Projects Practice/task management/node-express-mongoose-typescript-boilerplate/node_modules/express/lib/router/index.js:286:9
    at Function.process_params (/Users/mohammadyehya/Projects Practice/task management/node-express-mongoose-typescript-boilerplate/node_modules/express/lib/router/index.js:346:12)
    at next (/Users/mohammadyehya/Projects Practice/task management/node-express-mongoose-typescript-boilerplate/node_modules/express/lib/router/index.js:280:10)
    at /Users/mohammadyehya/Projects Practice/task management/node-express-mongoose-typescript-boilerplate/node_modules/express/lib/router/index.js:646:15
    at next (/Users/mohammadyehya/Projects Practice/task management/node-express-mongoose-typescript-boilerplate/node_modules/express/lib/router/index.js:265:14)
    at /Users/mohammadyehya/Projects Practice/task management/node-express-mongoose-typescript-boilerplate/node_modules/express/lib/router/index.js:646:15
    at next (/Users/mohammadyehya/Projects Practice/task management/node-express-mongoose-typescript-boilerplate/node_modules/express/lib/router/index.js:265:14)
[31merror[39m: GET /v1/users/652c281c5dce7e258f24d0a8 404 - 2.493 ms - message: Not found
[31merror[39m: Error: Not found
    at file:///Users/mohammadyehya/Projects%20Practice/task%20management/node-express-mongoose-typescript-boilerplate/dist/app.js:45:10
    at Layer.handle [as handle_request] (/Users/mohammadyehya/Projects Practice/task management/node-express-mongoose-typescript-boilerplate/node_modules/express/lib/router/layer.js:95:5)
    at trim_prefix (/Users/mohammadyehya/Projects Practice/task management/node-express-mongoose-typescript-boilerplate/node_modules/express/lib/router/index.js:328:13)
    at /Users/mohammadyehya/Projects Practice/task management/node-express-mongoose-typescript-boilerplate/node_modules/express/lib/router/index.js:286:9
    at Function.process_params (/Users/mohammadyehya/Projects Practice/task management/node-express-mongoose-typescript-boilerplate/node_modules/express/lib/router/index.js:346:12)
    at next (/Users/mohammadyehya/Projects Practice/task management/node-express-mongoose-typescript-boilerplate/node_modules/express/lib/router/index.js:280:10)
    at /Users/mohammadyehya/Projects Practice/task management/node-express-mongoose-typescript-boilerplate/node_modules/express/lib/router/index.js:646:15
    at next (/Users/mohammadyehya/Projects Practice/task management/node-express-mongoose-typescript-boilerplate/node_modules/express/lib/router/index.js:265:14)
    at /Users/mohammadyehya/Projects Practice/task management/node-express-mongoose-typescript-boilerplate/node_modules/express/lib/router/index.js:646:15
    at next (/Users/mohammadyehya/Projects Practice/task management/node-express-mongoose-typescript-boilerplate/node_modules/express/lib/router/index.js:265:14)
[31merror[39m: GET /v1/users/652c281c5dce7e258f24d0a8 404 - 1.110 ms - message: Not found
[31merror[39m: Error: Not found
    at file:///Users/mohammadyehya/Projects%20Practice/task%20management/node-express-mongoose-typescript-boilerplate/dist/app.js:45:10
    at Layer.handle [as handle_request] (/Users/mohammadyehya/Projects Practice/task management/node-express-mongoose-typescript-boilerplate/node_modules/express/lib/router/layer.js:95:5)
    at trim_prefix (/Users/mohammadyehya/Projects Practice/task management/node-express-mongoose-typescript-boilerplate/node_modules/express/lib/router/index.js:328:13)
    at /Users/mohammadyehya/Projects Practice/task management/node-express-mongoose-typescript-boilerplate/node_modules/express/lib/router/index.js:286:9
    at Function.process_params (/Users/mohammadyehya/Projects Practice/task management/node-express-mongoose-typescript-boilerplate/node_modules/express/lib/router/index.js:346:12)
    at next (/Users/mohammadyehya/Projects Practice/task management/node-express-mongoose-typescript-boilerplate/node_modules/express/lib/router/index.js:280:10)
    at /Users/mohammadyehya/Projects Practice/task management/node-express-mongoose-typescript-boilerplate/node_modules/express/lib/router/index.js:646:15
    at next (/Users/mohammadyehya/Projects Practice/task management/node-express-mongoose-typescript-boilerplate/node_modules/express/lib/router/index.js:265:14)
    at /Users/mohammadyehya/Projects Practice/task management/node-express-mongoose-typescript-boilerplate/node_modules/express/lib/router/index.js:646:15
    at next (/Users/mohammadyehya/Projects Practice/task management/node-express-mongoose-typescript-boilerplate/node_modules/express/lib/router/index.js:265:14)
[31merror[39m: GET /v1/users/652c281c5dce7e258f24d0a8 404 - 1.180 ms - message: Not found
[31merror[39m: Error: Not found
    at file:///Users/mohammadyehya/Projects%20Practice/task%20management/node-express-mongoose-typescript-boilerplate/dist/app.js:45:10
    at Layer.handle [as handle_request] (/Users/mohammadyehya/Projects Practice/task management/node-express-mongoose-typescript-boilerplate/node_modules/express/lib/router/layer.js:95:5)
    at trim_prefix (/Users/mohammadyehya/Projects Practice/task management/node-express-mongoose-typescript-boilerplate/node_modules/express/lib/router/index.js:328:13)
    at /Users/mohammadyehya/Projects Practice/task management/node-express-mongoose-typescript-boilerplate/node_modules/express/lib/router/index.js:286:9
    at Function.process_params (/Users/mohammadyehya/Projects Practice/task management/node-express-mongoose-typescript-boilerplate/node_modules/express/lib/router/index.js:346:12)
    at next (/Users/mohammadyehya/Projects Practice/task management/node-express-mongoose-typescript-boilerplate/node_modules/express/lib/router/index.js:280:10)
    at /Users/mohammadyehya/Projects Practice/task management/node-express-mongoose-typescript-boilerplate/node_modules/express/lib/router/index.js:646:15
    at next (/Users/mohammadyehya/Projects Practice/task management/node-express-mongoose-typescript-boilerplate/node_modules/express/lib/router/index.js:265:14)
    at /Users/mohammadyehya/Projects Practice/task management/node-express-mongoose-typescript-boilerplate/node_modules/express/lib/router/index.js:646:15
    at next (/Users/mohammadyehya/Projects Practice/task management/node-express-mongoose-typescript-boilerplate/node_modules/express/lib/router/index.js:265:14)
[31merror[39m: GET /v1/users/652c281c5dce7e258f24d0a8 404 - 1.676 ms - message: Not found
[31merror[39m: Error: Not found
    at file:///Users/mohammadyehya/Projects%20Practice/task%20management/node-express-mongoose-typescript-boilerplate/dist/app.js:45:10
    at Layer.handle [as handle_request] (/Users/mohammadyehya/Projects Practice/task management/node-express-mongoose-typescript-boilerplate/node_modules/express/lib/router/layer.js:95:5)
    at trim_prefix (/Users/mohammadyehya/Projects Practice/task management/node-express-mongoose-typescript-boilerplate/node_modules/express/lib/router/index.js:328:13)
    at /Users/mohammadyehya/Projects Practice/task management/node-express-mongoose-typescript-boilerplate/node_modules/express/lib/router/index.js:286:9
    at Function.process_params (/Users/mohammadyehya/Projects Practice/task management/node-express-mongoose-typescript-boilerplate/node_modules/express/lib/router/index.js:346:12)
    at next (/Users/mohammadyehya/Projects Practice/task management/node-express-mongoose-typescript-boilerplate/node_modules/express/lib/router/index.js:280:10)
    at /Users/mohammadyehya/Projects Practice/task management/node-express-mongoose-typescript-boilerplate/node_modules/express/lib/router/index.js:646:15
    at next (/Users/mohammadyehya/Projects Practice/task management/node-express-mongoose-typescript-boilerplate/node_modules/express/lib/router/index.js:265:14)
    at /Users/mohammadyehya/Projects Practice/task management/node-express-mongoose-typescript-boilerplate/node_modules/express/lib/router/index.js:646:15
    at next (/Users/mohammadyehya/Projects Practice/task management/node-express-mongoose-typescript-boilerplate/node_modules/express/lib/router/index.js:265:14)
[31merror[39m: GET /v1/users/652c281c5dce7e258f24d0a8 404 - 1.181 ms - message: Not found
[31merror[39m: Error: Not found
    at file:///Users/mohammadyehya/Projects%20Practice/task%20management/node-express-mongoose-typescript-boilerplate/dist/app.js:45:10
    at Layer.handle [as handle_request] (/Users/mohammadyehya/Projects Practice/task management/node-express-mongoose-typescript-boilerplate/node_modules/express/lib/router/layer.js:95:5)
    at trim_prefix (/Users/mohammadyehya/Projects Practice/task management/node-express-mongoose-typescript-boilerplate/node_modules/express/lib/router/index.js:328:13)
    at /Users/mohammadyehya/Projects Practice/task management/node-express-mongoose-typescript-boilerplate/node_modules/express/lib/router/index.js:286:9
    at Function.process_params (/Users/mohammadyehya/Projects Practice/task management/node-express-mongoose-typescript-boilerplate/node_modules/express/lib/router/index.js:346:12)
    at next (/Users/mohammadyehya/Projects Practice/task management/node-express-mongoose-typescript-boilerplate/node_modules/express/lib/router/index.js:280:10)
    at /Users/mohammadyehya/Projects Practice/task management/node-express-mongoose-typescript-boilerplate/node_modules/express/lib/router/index.js:646:15
    at next (/Users/mohammadyehya/Projects Practice/task management/node-express-mongoose-typescript-boilerplate/node_modules/express/lib/router/index.js:265:14)
    at /Users/mohammadyehya/Projects Practice/task management/node-express-mongoose-typescript-boilerplate/node_modules/express/lib/router/index.js:646:15
    at next (/Users/mohammadyehya/Projects Practice/task management/node-express-mongoose-typescript-boilerplate/node_modules/express/lib/router/index.js:265:14)
[31merror[39m: GET /v1/users/652c281c5dce7e258f24d0a8 404 - 1.922 ms - message: Not found
[31merror[39m: Error: Not found
    at file:///Users/mohammadyehya/Projects%20Practice/task%20management/node-express-mongoose-typescript-boilerplate/dist/app.js:45:10
    at Layer.handle [as handle_request] (/Users/mohammadyehya/Projects Practice/task management/node-express-mongoose-typescript-boilerplate/node_modules/express/lib/router/layer.js:95:5)
    at trim_prefix (/Users/mohammadyehya/Projects Practice/task management/node-express-mongoose-typescript-boilerplate/node_modules/express/lib/router/index.js:328:13)
    at /Users/mohammadyehya/Projects Practice/task management/node-express-mongoose-typescript-boilerplate/node_modules/express/lib/router/index.js:286:9
    at Function.process_params (/Users/mohammadyehya/Projects Practice/task management/node-express-mongoose-typescript-boilerplate/node_modules/express/lib/router/index.js:346:12)
    at next (/Users/mohammadyehya/Projects Practice/task management/node-express-mongoose-typescript-boilerplate/node_modules/express/lib/router/index.js:280:10)
    at /Users/mohammadyehya/Projects Practice/task management/node-express-mongoose-typescript-boilerplate/node_modules/express/lib/router/index.js:646:15
    at next (/Users/mohammadyehya/Projects Practice/task management/node-express-mongoose-typescript-boilerplate/node_modules/express/lib/router/index.js:265:14)
    at /Users/mohammadyehya/Projects Practice/task management/node-express-mongoose-typescript-boilerplate/node_modules/express/lib/router/index.js:646:15
    at next (/Users/mohammadyehya/Projects Practice/task management/node-express-mongoose-typescript-boilerplate/node_modules/express/lib/router/index.js:265:14)
[31merror[39m: GET /v1/users/652c281c5dce7e258f24d0a8 404 - 9.682 ms - message: Not found
[31merror[39m: Error: Forbidden , for authenticated users only
    at addUserIdToParams (file:///Users/mohammadyehya/Projects%20Practice/task%20management/node-express-mongoose-typescript-boilerplate/dist/modules/user/user.middleware.js:8:15)
    at Layer.handle [as handle_request] (/Users/mohammadyehya/Projects Practice/task management/node-express-mongoose-typescript-boilerplate/node_modules/express/lib/router/layer.js:95:5)
    at next (/Users/mohammadyehya/Projects Practice/task management/node-express-mongoose-typescript-boilerplate/node_modules/express/lib/router/route.js:144:13)
    at file:///Users/mohammadyehya/Projects%20Practice/task%20management/node-express-mongoose-typescript-boilerplate/dist/modules/auth/auth.middleware.js:24:17
    at process.processTicksAndRejections (node:internal/process/task_queues:95:5)
[31merror[39m: GET /v1/users/652d18bbee70900136c46588 403 - 6.519 ms - message: Forbidden , for authenticated users only
